<?xml version="1.0" encoding="UTF-8"?>
<!-- Generated by org.testng.reporters.JUnitXMLReporter -->
<testsuite ignored="0" hostname="DESKTOP-LIS2ISU" failures="0" tests="4" name="Default test" time="25.953" errors="0" timestamp="2022-02-04T19:53:09 WIB">
  <testcase classname="com.axiatadigitallabs.apitest.TestAPI_ALL" name="test01_post" time="2.746"/>
  <testcase classname="com.axiatadigitallabs.apitest.TestAPI_ALL" name="test_01_get_b" time="1.297"/>
  <testcase classname="com.axiatadigitallabs.apitest.TestAPI_ALL" name="test01_put" time="12.292"/>
  <testcase classname="com.axiatadigitallabs.apitest.TestAPI_ALL" name="test01_delete" time="9.556"/>
</testsuite> <!-- Default test -->
